<?xml version="1.0" encoding="UTF-8"?>
<!-- Generated by org.testng.reporters.JUnitReportReporter -->
<testsuite hostname="MSI" name="control.Login" tests="1" failures="0" timestamp="15 Jan 2019 09:42:08 GMT" time="0.709" errors="0">
  <testcase name="testLogin" time="0.709" classname="control.Login"/>
</testsuite> <!-- control.Login -->
